Fri Jan 17 2014 09:38:05 GMT-0800 (Pacific Standard Time):
{ [Error: Invalid service request]
  stack: [Getter/Setter],
  __frame: 
   { name: 'createSite',
     line: 346,
     file: 'C:\\Program Files (x86)\\Microsoft SDKs\\Windows Azure\\CLI\\lib\\commands\\site.js',
     prev: 
      { name: '__4',
        line: 193,
        file: 'C:\\Program Files (x86)\\Microsoft SDKs\\Windows Azure\\CLI\\lib\\commands\\site.js',
        prev: undefined,
        active: false,
        offset: 34,
        col: 10 },
     active: false,
     offset: 3,
     col: 14 },
  rawStack: [Getter] }
Error: Invalid service request
    at exports.init.site.doSitesPost (C:\Program Files (x86)\Microsoft SDKs\Windows Azure\CLI\lib\commands\site.js:876:27)
    at WebsiteManagementService.createSite.performRequest.finalCallback (C:\Program Files (x86)\Microsoft SDKs\Windows Azure\CLI\node_modules\azure\lib\services\serviceManagement\websitemanagementservice.js:365:7)
    at RequestLogFilter.handle (C:\Program Files (x86)\Microsoft SDKs\Windows Azure\CLI\lib\util\utils.js:177:9)
    at ServiceClient.withFilter.newFilter.handle.next (C:\Program Files (x86)\Microsoft SDKs\Windows Azure\CLI\node_modules\azure\lib\services\core\serviceclient.js:388:15)
    at ServiceClient._initDefaultFilter.filter (C:\Program Files (x86)\Microsoft SDKs\Windows Azure\CLI\node_modules\azure\lib\services\core\serviceclient.js:594:11)
    at ServiceClient.withFilter.newFilter.handle.next (C:\Program Files (x86)\Microsoft SDKs\Windows Azure\CLI\node_modules\azure\lib\services\core\serviceclient.js:387:13)
    at WebsiteManagementService.createSite (C:\Program Files (x86)\Microsoft SDKs\Windows Azure\CLI\node_modules\azure\lib\services\serviceManagement\websitemanagementservice.js:368:5)
    at Request.ServiceClient._performRequest.self._buildRequestOptions.processResponseCallback [as _callback] (C:\Program Files (x86)\Microsoft SDKs\Windows Azure\CLI\node_modules\azure\lib\services\core\serviceclient.js:186:11)
    at Request.init.self.callback (C:\Program Files (x86)\Microsoft SDKs\Windows Azure\CLI\node_modules\azure\node_modules\request\index.js:148:22)
    at Request.EventEmitter.emit (events.js:99:17)
    at createSite (C:\Program Files (x86)\Microsoft SDKs\Windows Azure\CLI\lib\commands\site.js:349:14)
    at __4 (C:\Program Files (x86)\Microsoft SDKs\Windows Azure\CLI\lib\commands\site.js:227:10)

